  Algoritmeanalyse-og-optimering.cpp
  sorting.cpp
C:\Users\manor\source\repos\Algoritmeanalyse-og-optimering\Instrumentor.h(133,27): warning C4267: 'initializing': conversion from 'size_t' to 'uint32_t', possible loss of data
  (compiling source file 'Algoritmeanalyse-og-optimering.cpp')
  
C:\Users\manor\source\repos\Algoritmeanalyse-og-optimering\Algoritmeanalyse-og-optimering.cpp(97,52): warning C4267: 'argument': conversion from 'size_t' to 'int', possible loss of data
C:\Users\manor\source\repos\Algoritmeanalyse-og-optimering\sorting.cpp(42,45): warning C4267: 'argument': conversion from 'size_t' to 'int', possible loss of data
C:\Users\manor\source\repos\Algoritmeanalyse-og-optimering\sorting.cpp(46,16): error C2011: 'sorting::PivotStrategy': 'enum' type redefinition
      C:\Users\manor\source\repos\Algoritmeanalyse-og-optimering\sorting.h(11,16):
      see declaration of 'sorting::PivotStrategy'
  
C:\Users\manor\source\repos\Algoritmeanalyse-og-optimering\sorting.cpp(52,64): error C2027: use of undefined type 'sorting::PivotStrategy'
      C:\Users\manor\source\repos\Algoritmeanalyse-og-optimering\sorting.h(11,16):
      see declaration of 'sorting::PivotStrategy'
  
C:\Users\manor\source\repos\Algoritmeanalyse-og-optimering\sorting.cpp(52,64): error C2065: 'RANDOM': undeclared identifier
C:\Users\manor\source\repos\Algoritmeanalyse-og-optimering\sorting.cpp(64,29): error C2027: use of undefined type 'sorting::PivotStrategy'
      C:\Users\manor\source\repos\Algoritmeanalyse-og-optimering\sorting.h(11,16):
      see declaration of 'sorting::PivotStrategy'
  
C:\Users\manor\source\repos\Algoritmeanalyse-og-optimering\sorting.cpp(64,29): error C2065: 'RANDOM': undeclared identifier
C:\Users\manor\source\repos\Algoritmeanalyse-og-optimering\sorting.cpp(64,29): error C2131: expression did not evaluate to a constant
      C:\Users\manor\source\repos\Algoritmeanalyse-og-optimering\sorting.cpp(64,29):
      a non-constant (sub-)expression was encountered
  
C:\Users\manor\source\repos\Algoritmeanalyse-og-optimering\sorting.cpp(67,29): error C2027: use of undefined type 'sorting::PivotStrategy'
      C:\Users\manor\source\repos\Algoritmeanalyse-og-optimering\sorting.h(11,16):
      see declaration of 'sorting::PivotStrategy'
  
C:\Users\manor\source\repos\Algoritmeanalyse-og-optimering\sorting.cpp(67,29): error C2065: 'LAST': undeclared identifier
C:\Users\manor\source\repos\Algoritmeanalyse-og-optimering\sorting.cpp(67,29): error C2131: expression did not evaluate to a constant
      C:\Users\manor\source\repos\Algoritmeanalyse-og-optimering\sorting.cpp(67,29):
      a non-constant (sub-)expression was encountered
  
C:\Users\manor\source\repos\Algoritmeanalyse-og-optimering\sorting.cpp(64,29): error C2051: case expression not constant
C:\Users\manor\source\repos\Algoritmeanalyse-og-optimering\sorting.cpp(67,29): error C2051: case expression not constant
C:\Users\manor\source\repos\Algoritmeanalyse-og-optimering\sorting.cpp(70,9): warning C4060: switch statement contains no 'case' or 'default' labels
C:\Users\manor\source\repos\Algoritmeanalyse-og-optimering\sorting.cpp(122,1): error C1020: unexpected #endif
  Generating Code...
